[2016-04-21T08:34:05+03:00] INFO: Forking chef instance to converge...
[2016-04-21T08:34:05+03:00] INFO: *** Chef 12.9.38 ***
[2016-04-21T08:34:05+03:00] INFO: Platform: x86_64-linux
[2016-04-21T08:34:05+03:00] INFO: Chef-client pid: 3487
[2016-04-21T08:34:11+03:00] INFO: Run List is [recipe[jboss]]
[2016-04-21T08:34:11+03:00] INFO: Run List expands to [jboss]
[2016-04-21T08:34:11+03:00] INFO: Starting Chef Run for Chef3
[2016-04-21T08:34:11+03:00] INFO: Running start handlers
[2016-04-21T08:34:11+03:00] INFO: Start handlers complete.
[2016-04-21T08:34:13+03:00] INFO: Loading cookbooks [jboss@0.0.0, java@1.39.0, apt@3.0.0]
[2016-04-21T08:34:14+03:00] INFO: Storing updated cookbooks/jboss/templates/default/jboss.erb in the cache.
[2016-04-21T08:34:14+03:00] INFO: Storing updated cookbooks/jboss/templates/default/run.erb in the cache.
[2016-04-21T08:34:14+03:00] INFO: Storing updated cookbooks/jboss/templates/default/jboss.erb~ in the cache.
[2016-04-21T08:34:14+03:00] INFO: Storing updated cookbooks/jboss/templates/default/hudson.erb in the cache.
[2016-04-21T08:34:14+03:00] INFO: Storing updated cookbooks/jboss/metadata.rb in the cache.
[2016-04-21T08:34:14+03:00] INFO: Storing updated cookbooks/jboss/recipes/default.rb in the cache.
[2016-04-21T08:34:14+03:00] INFO: Storing updated cookbooks/jboss/metadata.rb~ in the cache.
[2016-04-21T08:34:14+03:00] INFO: Storing updated cookbooks/java/resources/ark.rb in the cache.
[2016-04-21T08:34:14+03:00] INFO: Storing updated cookbooks/java/resources/alternatives.rb in the cache.
[2016-04-21T08:34:14+03:00] INFO: Storing updated cookbooks/jboss/attributes/default.rb in the cache.
[2016-04-21T08:34:14+03:00] INFO: Storing updated cookbooks/java/providers/alternatives.rb in the cache.
[2016-04-21T08:34:14+03:00] INFO: Storing updated cookbooks/java/recipes/oracle.rb in the cache.
[2016-04-21T08:34:15+03:00] INFO: Storing updated cookbooks/java/recipes/ibm.rb in the cache.
[2016-04-21T08:34:15+03:00] INFO: Storing updated cookbooks/java/recipes/windows.rb in the cache.
[2016-04-21T08:34:15+03:00] INFO: Storing updated cookbooks/java/recipes/oracle_jce.rb in the cache.
[2016-04-21T08:34:15+03:00] INFO: Storing updated cookbooks/java/recipes/purge_packages.rb in the cache.
[2016-04-21T08:34:15+03:00] INFO: Storing updated cookbooks/java/providers/ark.rb in the cache.
[2016-04-21T08:34:15+03:00] INFO: Storing updated cookbooks/java/recipes/default.rb in the cache.
[2016-04-21T08:34:15+03:00] INFO: Storing updated cookbooks/java/recipes/default_java_symlink.rb in the cache.
[2016-04-21T08:34:15+03:00] INFO: Storing updated cookbooks/java/recipes/set_java_home.rb in the cache.
[2016-04-21T08:34:15+03:00] INFO: Storing updated cookbooks/java/recipes/oracle_i386.rb in the cache.
[2016-04-21T08:34:15+03:00] INFO: Storing updated cookbooks/java/recipes/ibm_tar.rb in the cache.
[2016-04-21T08:34:15+03:00] INFO: Storing updated cookbooks/java/recipes/oracle_rpm.rb in the cache.
[2016-04-21T08:34:15+03:00] INFO: Storing updated cookbooks/java/recipes/homebrew.rb in the cache.
[2016-04-21T08:34:15+03:00] INFO: Storing updated cookbooks/java/libraries/matchers.rb in the cache.
[2016-04-21T08:34:15+03:00] INFO: Storing updated cookbooks/java/templates/default/ibm_jdk.installer.properties.erb in the cache.
[2016-04-21T08:34:15+03:00] INFO: Storing updated cookbooks/java/libraries/helpers.rb in the cache.
[2016-04-21T08:34:15+03:00] INFO: Storing updated cookbooks/java/attributes/default.rb in the cache.
[2016-04-21T08:34:15+03:00] INFO: Storing updated cookbooks/java/recipes/set_attributes_from_version.rb in the cache.
[2016-04-21T08:34:15+03:00] INFO: Storing updated cookbooks/java/recipes/openjdk.rb in the cache.
[2016-04-21T08:34:16+03:00] INFO: Storing updated cookbooks/java/templates/default/oracle.jinfo.erb in the cache.
[2016-04-21T08:34:16+03:00] INFO: Storing updated cookbooks/java/Gemfile in the cache.
[2016-04-21T08:34:16+03:00] INFO: Storing updated cookbooks/java/Rakefile in the cache.
[2016-04-21T08:34:16+03:00] INFO: Storing updated cookbooks/java/ISSUES.md in the cache.
[2016-04-21T08:34:16+03:00] INFO: Storing updated cookbooks/java/LICENSE in the cache.
[2016-04-21T08:34:16+03:00] INFO: Storing updated cookbooks/java/.kitchen.yml in the cache.
[2016-04-21T08:34:16+03:00] INFO: Storing updated cookbooks/java/CONTRIBUTING.md in the cache.
[2016-04-21T08:34:16+03:00] INFO: Storing updated cookbooks/java/README.md in the cache.
[2016-04-21T08:34:16+03:00] INFO: Storing updated cookbooks/java/chefignore in the cache.
[2016-04-21T08:34:16+03:00] INFO: Storing updated cookbooks/java/metadata.json in the cache.
[2016-04-21T08:34:17+03:00] INFO: Storing updated cookbooks/java/.rubocop.yml in the cache.
[2016-04-21T08:34:17+03:00] INFO: Storing updated cookbooks/java/TESTING.md in the cache.
[2016-04-21T08:34:17+03:00] INFO: Storing updated cookbooks/apt/resources/repository.rb in the cache.
[2016-04-21T08:34:17+03:00] INFO: Storing updated cookbooks/apt/recipes/cacher-client.rb in the cache.
[2016-04-21T08:34:17+03:00] INFO: Storing updated cookbooks/apt/resources/preference.rb in the cache.
[2016-04-21T08:34:17+03:00] INFO: Storing updated cookbooks/apt/recipes/unattended-upgrades.rb in the cache.
[2016-04-21T08:34:17+03:00] INFO: Storing updated cookbooks/apt/providers/preference.rb in the cache.
[2016-04-21T08:34:17+03:00] INFO: Storing updated cookbooks/apt/providers/repository.rb in the cache.
[2016-04-21T08:34:17+03:00] INFO: Storing updated cookbooks/apt/recipes/default.rb in the cache.
[2016-04-21T08:34:17+03:00] INFO: Storing updated cookbooks/apt/recipes/cacher-ng.rb in the cache.
[2016-04-21T08:34:17+03:00] INFO: Storing updated cookbooks/apt/libraries/helpers.rb in the cache.
[2016-04-21T08:34:17+03:00] INFO: Storing updated cookbooks/apt/libraries/network.rb in the cache.
[2016-04-21T08:34:17+03:00] INFO: Storing updated cookbooks/apt/libraries/matchers.rb in the cache.
[2016-04-21T08:34:18+03:00] INFO: Storing updated cookbooks/apt/attributes/default.rb in the cache.
[2016-04-21T08:34:18+03:00] INFO: Storing updated cookbooks/apt/files/default/15update-stamp in the cache.
[2016-04-21T08:34:18+03:00] INFO: Storing updated cookbooks/apt/templates/default/unattended-upgrades.seed.erb in the cache.
[2016-04-21T08:34:18+03:00] INFO: Storing updated cookbooks/apt/templates/default/20auto-upgrades.erb in the cache.
[2016-04-21T08:34:18+03:00] INFO: Storing updated cookbooks/apt/files/default/apt-proxy-v2.conf in the cache.
[2016-04-21T08:34:18+03:00] INFO: Storing updated cookbooks/apt/templates/default/50unattended-upgrades.erb in the cache.
[2016-04-21T08:34:18+03:00] INFO: Storing updated cookbooks/apt/templates/default/acng.conf.erb in the cache.
[2016-04-21T08:34:18+03:00] INFO: Storing updated cookbooks/apt/templates/default/01proxy.erb in the cache.
[2016-04-21T08:34:18+03:00] INFO: Storing updated cookbooks/apt/templates/default/10recommends.erb in the cache.
[2016-04-21T08:34:18+03:00] INFO: Storing updated cookbooks/apt/metadata.json in the cache.
[2016-04-21T08:34:18+03:00] INFO: Storing updated cookbooks/apt/MAINTAINERS.md in the cache.
[2016-04-21T08:34:18+03:00] INFO: Storing updated cookbooks/apt/CHANGELOG.md in the cache.
[2016-04-21T08:34:18+03:00] INFO: Storing updated cookbooks/apt/README.md in the cache.
[2016-04-21T08:34:18+03:00] INFO: Storing updated cookbooks/apt/CONTRIBUTING.md in the cache.
[2016-04-21T08:34:18+03:00] WARN: Chef::Provider::AptRepository already exists!  Cannot create deprecation class for LWRP provider apt_repository from cookbook apt
[2016-04-21T08:34:18+03:00] WARN: AptRepository already exists!  Deprecation class overwrites Custom resource apt_repository from cookbook apt
[2016-04-21T08:34:19+03:00] INFO: Processing ruby_block[set-env-java-home] action run (java::set_java_home line 19)
[2016-04-21T08:34:19+03:00] INFO: ruby_block[set-env-java-home] called
[2016-04-21T08:34:19+03:00] INFO: Processing directory[/etc/profile.d] action create (java::set_java_home line 26)
[2016-04-21T08:34:19+03:00] INFO: Processing file[/etc/profile.d/jdk.sh] action create (java::set_java_home line 30)
[2016-04-21T08:34:19+03:00] INFO: file[/etc/profile.d/jdk.sh] created file /etc/profile.d/jdk.sh
[2016-04-21T08:34:19+03:00] INFO: file[/etc/profile.d/jdk.sh] updated file contents /etc/profile.d/jdk.sh
[2016-04-21T08:34:19+03:00] INFO: file[/etc/profile.d/jdk.sh] mode changed to 755
[2016-04-21T08:34:19+03:00] INFO: Processing yum_package[tar] action install (java::oracle line 53)
[2016-04-21T08:34:28+03:00] INFO: Processing java_ark[jdk] action install (java::oracle line 55)
[2016-04-21T08:34:28+03:00] INFO: Adding jdk to /usr/lib/jvm/jdk1.6.0_45
[2016-04-21T08:34:28+03:00] INFO: Processing yum_package[curl] action install (/var/chef/cache/cookbooks/java/providers/ark.rb line 70)
[2016-04-21T08:34:41+03:00] INFO: Processing yum_package[curl] action nothing (/var/chef/cache/cookbooks/java/providers/ark.rb line 70)
[2016-04-21T08:34:41+03:00] INFO: Processing java_alternatives[set-java-alternatives] action set (/var/chef/cache/cookbooks/java/providers/ark.rb line 218)
[2016-04-21T08:34:59+03:00] INFO: Processing user[jboss] action create (jboss::default line 4)
[2016-04-21T08:34:59+03:00] INFO: user[jboss] created
[2016-04-21T08:34:59+03:00] INFO: Processing group[jboss] action create (jboss::default line 10)
[2016-04-21T08:34:59+03:00] INFO: Processing yum_package[unzip] action install (jboss::default line 14)
[2016-04-21T08:35:00+03:00] INFO: yum_package[unzip] installing unzip-6.0-2.el6_6 from base repository
[2016-04-21T08:35:02+03:00] INFO: yum_package[unzip] installed unzip at 6.0-2.el6_6
[2016-04-21T08:35:02+03:00] INFO: Processing remote_file[/opt/jboss-5.1.0.GA.zip] action create (jboss::default line 19)
[2016-04-21T08:35:29+03:00] INFO: remote_file[/opt/jboss-5.1.0.GA.zip] created file /opt/jboss-5.1.0.GA.zip
[2016-04-21T08:35:30+03:00] INFO: remote_file[/opt/jboss-5.1.0.GA.zip] updated file contents /opt/jboss-5.1.0.GA.zip
[2016-04-21T08:35:31+03:00] INFO: remote_file[/opt/jboss-5.1.0.GA.zip] owner changed to 497
[2016-04-21T08:35:31+03:00] INFO: remote_file[/opt/jboss-5.1.0.GA.zip] group changed to 497
[2016-04-21T08:35:31+03:00] INFO: Processing execute[jboss_unzip] action run (jboss::default line 26)
[2016-04-21T08:35:32+03:00] INFO: execute[jboss_unzip] ran successfully
[2016-04-21T08:35:32+03:00] INFO: Processing remote_file[/opt/hudson.zip] action create (jboss::default line 32)
[2016-04-21T08:35:50+03:00] INFO: remote_file[/opt/hudson.zip] created file /opt/hudson.zip
[2016-04-21T08:35:50+03:00] INFO: remote_file[/opt/hudson.zip] updated file contents /opt/hudson.zip
[2016-04-21T08:35:50+03:00] INFO: Processing execute[app_unzip] action run (jboss::default line 37)
[2016-04-21T08:35:50+03:00] INFO: execute[app_unzip] ran successfully
[2016-04-21T08:35:50+03:00] INFO: Processing template[/opt/jboss-5.1.0.GA/server/default/deploy/hudson/hudson.xml] action create (jboss::default line 43)
[2016-04-21T08:35:50+03:00] INFO: template[/opt/jboss-5.1.0.GA/server/default/deploy/hudson/hudson.xml] backed up to /var/chef/backup/opt/jboss-5.1.0.GA/server/default/deploy/hudson/hudson.xml.chef-20160421083550.948237
[2016-04-21T08:35:50+03:00] INFO: template[/opt/jboss-5.1.0.GA/server/default/deploy/hudson/hudson.xml] updated file contents /opt/jboss-5.1.0.GA/server/default/deploy/hudson/hudson.xml
[2016-04-21T08:35:50+03:00] INFO: Processing template[/etc/init.d/jboss] action create (jboss::default line 50)
[2016-04-21T08:35:50+03:00] INFO: template[/etc/init.d/jboss] created file /etc/init.d/jboss
[2016-04-21T08:35:50+03:00] INFO: template[/etc/init.d/jboss] updated file contents /etc/init.d/jboss
[2016-04-21T08:35:50+03:00] INFO: template[/etc/init.d/jboss] owner changed to 0
[2016-04-21T08:35:50+03:00] INFO: template[/etc/init.d/jboss] group changed to 0
[2016-04-21T08:35:50+03:00] INFO: template[/etc/init.d/jboss] mode changed to 775
[2016-04-21T08:35:50+03:00] INFO: Processing template[/opt/jboss-5.1.0.GA/bin/run.sh] action create (jboss::default line 62)
[2016-04-21T08:35:50+03:00] INFO: template[/opt/jboss-5.1.0.GA/bin/run.sh] backed up to /var/chef/backup/opt/jboss-5.1.0.GA/bin/run.sh.chef-20160421083550.967274
[2016-04-21T08:35:50+03:00] INFO: template[/opt/jboss-5.1.0.GA/bin/run.sh] updated file contents /opt/jboss-5.1.0.GA/bin/run.sh
[2016-04-21T08:35:50+03:00] INFO: template[/opt/jboss-5.1.0.GA/bin/run.sh] owner changed to 497
[2016-04-21T08:35:50+03:00] INFO: template[/opt/jboss-5.1.0.GA/bin/run.sh] group changed to 497
[2016-04-21T08:35:50+03:00] INFO: Processing directory[/opt/jboss-5.1.0.GA/logs] action create (jboss::default line 68)
[2016-04-21T08:35:50+03:00] INFO: directory[/opt/jboss-5.1.0.GA/logs] created directory /opt/jboss-5.1.0.GA/logs
[2016-04-21T08:35:50+03:00] INFO: directory[/opt/jboss-5.1.0.GA/logs] owner changed to 497
[2016-04-21T08:35:50+03:00] INFO: directory[/opt/jboss-5.1.0.GA/logs] group changed to 497
[2016-04-21T08:35:50+03:00] INFO: directory[/opt/jboss-5.1.0.GA/logs] mode changed to 755
[2016-04-21T08:35:50+03:00] INFO: Processing execute[changing_jboss_folder_ownership] action run (jboss::default line 75)
[2016-04-21T08:35:51+03:00] INFO: execute[changing_jboss_folder_ownership] ran successfully
[2016-04-21T08:35:51+03:00] INFO: Processing service[jboss] action enable (jboss::default line 79)
[2016-04-21T08:35:51+03:00] INFO: service[jboss] enabled
[2016-04-21T08:35:51+03:00] INFO: Processing service[jboss] action start (jboss::default line 79)
[2016-04-21T08:35:52+03:00] INFO: service[jboss] started
[2016-04-21T08:35:53+03:00] INFO: Chef Run complete in 101.681531287 seconds
[2016-04-21T08:35:53+03:00] INFO: Running report handlers
[2016-04-21T08:35:53+03:00] INFO: Report handlers complete
[2016-04-21T08:35:53+03:00] INFO: Sending resource update report (run-id: 4c2dd73b-8b49-4afa-afad-9abea22b4e96)
